graph graphname {
   overlap="false";
   16 -- 48 [weight=6];
   16 -- 49 [weight=6];
   48 -- 81 [weight=6];
   48 -- 82 [weight=6];
   48 -- 49 [weight=6];
   49 -- 82 [weight=6];
   49 -- 83 [weight=6];
   81 -- 113 [weight=6];
   81 -- 114 [weight=6];
   81 -- 82 [weight=6];
   82 -- 83 [weight=6];
   83 -- 115 [weight=6];
   83 -- 116 [weight=6];
   113 -- 146 [weight=6];
   113 -- 147 [weight=6];
   113 -- 114 [weight=6];
   114 -- 147 [weight=6];
   114 -- 148 [weight=6];
   115 -- 148 [weight=6];
   115 -- 149 [weight=6];
   115 -- 116 [weight=6];
   116 -- 149 [weight=6];
   116 -- 150 [weight=6];
   146 -- 178 [weight=6];
   146 -- 179 [weight=6];
   146 -- 147 [weight=6];
   147 -- 148 [weight=6];
   148 -- 149 [weight=6];
   149 -- 150 [weight=6];
   150 -- 182 [weight=6];
   150 -- 183 [weight=6];
   178 -- 211 [weight=6];
   178 -- 212 [weight=6];
   178 -- 179 [weight=6];
   179 -- 212 [weight=6];
   179 -- 213 [weight=6];
   182 -- 215 [weight=6];
   182 -- 216 [weight=6];
   182 -- 183 [weight=6];
   183 -- 216 [weight=6];
   183 -- 217 [weight=6];
   211 -- 243 [weight=6];
   211 -- 244 [weight=6];
   211 -- 212 [weight=6];
   212 -- 213 [weight=6];
   213 -- 245 [weight=6];
   213 -- 246 [weight=6];
   215 -- 247 [weight=6];
   215 -- 248 [weight=6];
   215 -- 216 [weight=6];
   216 -- 217 [weight=6];
   217 -- 249 [weight=6];
   217 -- 250 [weight=6];
   243 -- 276 [weight=6];
   243 -- 277 [weight=6];
   243 -- 244 [weight=6];
   244 -- 277 [weight=6];
   244 -- 278 [weight=6];
   245 -- 278 [weight=6];
   245 -- 279 [weight=6];
   245 -- 246 [weight=6];
   246 -- 279 [weight=6];
   246 -- 280 [weight=6];
   247 -- 280 [weight=6];
   247 -- 281 [weight=6];
   247 -- 248 [weight=6];
   248 -- 281 [weight=6];
   248 -- 282 [weight=6];
   249 -- 282 [weight=6];
   249 -- 283 [weight=6];
   249 -- 250 [weight=6];
   250 -- 283 [weight=6];
   250 -- 284 [weight=6];
   276 -- 308 [weight=6];
   276 -- 309 [weight=6];
   276 -- 277 [weight=6];
   277 -- 278 [weight=6];
   278 -- 279 [weight=6];
   279 -- 280 [weight=6];
   280 -- 281 [weight=6];
   281 -- 282 [weight=6];
   282 -- 283 [weight=6];
   283 -- 284 [weight=6];
   284 -- 316 [weight=6];
   284 -- 317 [weight=6];
   308 -- 341 [weight=6];
   308 -- 342 [weight=6];
   308 -- 309 [weight=6];
   309 -- 342 [weight=6];
   309 -- 343 [weight=6];
   316 -- 349 [weight=6];
   316 -- 350 [weight=6];
   316 -- 317 [weight=6];
   317 -- 350 [weight=6];
   317 -- 351 [weight=6];
   341 -- 374 [weight=6];
   341 -- 342 [weight=6];
   341 -- 373 [weight=6];
   342 -- 343 [weight=6];
   343 -- 375 [weight=6];
   343 -- 376 [weight=6];
   349 -- 381 [weight=6];
   349 -- 382 [weight=6];
   349 -- 350 [weight=6];
   350 -- 351 [weight=6];
   351 -- 383 [weight=6];
   351 -- 384 [weight=6];
   373 -- 407 [weight=6];
   373 -- 374 [weight=6];
   373 -- 406 [weight=6];
   374 -- 407 [weight=6];
   374 -- 408 [weight=6];
   375 -- 408 [weight=6];
   375 -- 409 [weight=6];
   375 -- 376 [weight=6];
   376 -- 409 [weight=6];
   376 -- 410 [weight=6];
   381 -- 414 [weight=6];
   381 -- 415 [weight=6];
   381 -- 382 [weight=6];
   382 -- 415 [weight=6];
   382 -- 416 [weight=6];
   383 -- 416 [weight=6];
   383 -- 417 [weight=6];
   383 -- 384 [weight=6];
   384 -- 418 [weight=6];
   384 -- 417 [weight=6];
   406 -- 407 [weight=6];
   406 -- 438 [weight=6];
   406 -- 439 [weight=6];
   407 -- 408 [weight=6];
   408 -- 409 [weight=6];
   409 -- 410 [weight=6];
   410 -- 442 [weight=6];
   410 -- 443 [weight=6];
   414 -- 446 [weight=6];
   414 -- 447 [weight=6];
   414 -- 415 [weight=6];
   415 -- 416 [weight=6];
   416 -- 417 [weight=6];
   417 -- 418 [weight=6];
   418 -- 451 [weight=6];
   418 -- 450 [weight=6];
   438 -- 471 [weight=6];
   438 -- 472 [weight=6];
   438 -- 439 [weight=6];
   439 -- 473 [weight=6];
   439 -- 472 [weight=6];
   442 -- 475 [weight=6];
   442 -- 476 [weight=6];
   442 -- 443 [weight=6];
   443 -- 476 [weight=6];
   443 -- 477 [weight=6];
   446 -- 479 [weight=6];
   446 -- 480 [weight=6];
   446 -- 447 [weight=6];
   447 -- 480 [weight=6];
   447 -- 481 [weight=6];
   450 -- 484 [weight=6];
   450 -- 451 [weight=6];
   450 -- 483 [weight=6];
   451 -- 484 [weight=6];
   451 -- 485 [weight=6];
   471 -- 503 [weight=6];
   471 -- 504 [weight=6];
   471 -- 472 [weight=6];
   472 -- 473 [weight=6];
   473 -- 506 [weight=6];
   473 -- 505 [weight=6];
   475 -- 507 [weight=6];
   475 -- 508 [weight=6];
   475 -- 476 [weight=6];
   476 -- 477 [weight=6];
   477 -- 509 [weight=6];
   477 -- 510 [weight=6];
   479 -- 511 [weight=6];
   479 -- 512 [weight=6];
   479 -- 480 [weight=6];
   480 -- 481 [weight=6];
   481 -- 513 [weight=6];
   481 -- 514 [weight=6];
   483 -- 484 [weight=6];
   483 -- 515 [weight=6];
   483 -- 516 [weight=6];
   484 -- 485 [weight=6];
   485 -- 517 [weight=6];
   485 -- 518 [weight=6];
   503 -- 536 [weight=6];
   503 -- 537 [weight=6];
   503 -- 504 [weight=6];
   504 -- 537 [weight=6];
   504 -- 538 [weight=6];
   505 -- 539 [weight=6];
   505 -- 506 [weight=6];
   505 -- 538 [weight=6];
   506 -- 539 [weight=6];
   506 -- 540 [weight=6];
   507 -- 540 [weight=6];
   507 -- 541 [weight=6];
   507 -- 508 [weight=6];
   508 -- 541 [weight=6];
   508 -- 542 [weight=6];
   509 -- 542 [weight=6];
   509 -- 543 [weight=6];
   509 -- 510 [weight=6];
   510 -- 543 [weight=6];
   510 -- 544 [weight=6];
   511 -- 544 [weight=6];
   511 -- 545 [weight=6];
   511 -- 512 [weight=6];
   512 -- 545 [weight=6];
   512 -- 546 [weight=6];
   513 -- 546 [weight=6];
   513 -- 547 [weight=6];
   513 -- 514 [weight=6];
   514 -- 547 [weight=6];
   514 -- 548 [weight=6];
   515 -- 548 [weight=6];
   515 -- 549 [weight=6];
   515 -- 516 [weight=6];
   516 -- 550 [weight=6];
   516 -- 549 [weight=6];
   517 -- 550 [weight=6];
   517 -- 551 [weight=6];
   517 -- 518 [weight=6];
   518 -- 551 [weight=6];
   518 -- 552 [weight=6];
   536 -- 568 [weight=6];
   536 -- 569 [weight=6];
   536 -- 537 [weight=6];
   537 -- 538 [weight=6];
   538 -- 539 [weight=6];
   539 -- 540 [weight=6];
   540 -- 541 [weight=6];
   541 -- 542 [weight=6];
   542 -- 543 [weight=6];
   543 -- 544 [weight=6];
   544 -- 545 [weight=6];
   545 -- 546 [weight=6];
   546 -- 547 [weight=6];
   547 -- 548 [weight=6];
   548 -- 549 [weight=6];
   549 -- 550 [weight=6];
   550 -- 551 [weight=6];
   551 -- 552 [weight=6];
   552 -- 584 [weight=6];
   552 -- 585 [weight=6];
   568 -- 601 [weight=6];
   568 -- 602 [weight=6];
   568 -- 569 [weight=6];
   569 -- 602 [weight=6];
   569 -- 603 [weight=6];
   584 -- 617 [weight=6];
   584 -- 618 [weight=6];
   584 -- 585 [weight=6];
   585 -- 618 [weight=6];
   585 -- 619 [weight=6];
   601 -- 633 [weight=6];
   601 -- 634 [weight=6];
   601 -- 602 [weight=6];
   602 -- 603 [weight=6];
   603 -- 635 [weight=6];
   603 -- 636 [weight=6];
   617 -- 649 [weight=6];
   617 -- 650 [weight=6];
   617 -- 618 [weight=6];
   618 -- 619 [weight=6];
   619 -- 651 [weight=6];
   619 -- 652 [weight=6];
   633 -- 666 [weight=6];
   633 -- 667 [weight=6];
   633 -- 634 [weight=6];
   634 -- 667 [weight=6];
   634 -- 668 [weight=6];
   635 -- 668 [weight=6];
   635 -- 669 [weight=6];
   635 -- 636 [weight=6];
   636 -- 669 [weight=6];
   636 -- 670 [weight=6];
   649 -- 682 [weight=6];
   649 -- 683 [weight=6];
   649 -- 650 [weight=6];
   650 -- 683 [weight=6];
   650 -- 684 [weight=6];
   651 -- 684 [weight=6];
   651 -- 685 [weight=6];
   651 -- 652 [weight=6];
   652 -- 685 [weight=6];
   652 -- 686 [weight=6];
   666 -- 698 [weight=6];
   666 -- 699 [weight=6];
   666 -- 667 [weight=6];
   667 -- 668 [weight=6];
   668 -- 669 [weight=6];
   669 -- 670 [weight=6];
   670 -- 702 [weight=6];
   670 -- 703 [weight=6];
   682 -- 715 [weight=6];
   682 -- 683 [weight=6];
   682 -- 714 [weight=6];
   683 -- 684 [weight=6];
   684 -- 685 [weight=6];
   685 -- 686 [weight=6];
   686 -- 718 [weight=6];
   686 -- 719 [weight=6];
   698 -- 731 [weight=6];
   698 -- 732 [weight=6];
   698 -- 699 [weight=6];
   699 -- 732 [weight=6];
   699 -- 733 [weight=6];
   702 -- 735 [weight=6];
   702 -- 736 [weight=6];
   702 -- 703 [weight=6];
   703 -- 737 [weight=6];
   703 -- 736 [weight=6];
   714 -- 748 [weight=6];
   714 -- 715 [weight=6];
   714 -- 747 [weight=6];
   715 -- 748 [weight=6];
   715 -- 749 [weight=6];
   718 -- 751 [weight=6];
   718 -- 752 [weight=6];
   718 -- 719 [weight=6];
   719 -- 752 [weight=6];
   719 -- 753 [weight=6];
   731 -- 763 [weight=6];
   731 -- 764 [weight=6];
   731 -- 732 [weight=6];
   732 -- 733 [weight=6];
   733 -- 765 [weight=6];
   733 -- 766 [weight=6];
   735 -- 767 [weight=6];
   735 -- 768 [weight=6];
   735 -- 736 [weight=6];
   736 -- 737 [weight=6];
   737 -- 770 [weight=6];
   737 -- 769 [weight=6];
   747 -- 748 [weight=6];
   747 -- 779 [weight=6];
   747 -- 780 [weight=6];
   748 -- 749 [weight=6];
   749 -- 781 [weight=6];
   749 -- 782 [weight=6];
   751 -- 783 [weight=6];
   751 -- 784 [weight=6];
   751 -- 752 [weight=6];
   752 -- 753 [weight=6];
   753 -- 785 [weight=6];
   753 -- 786 [weight=6];
   763 -- 796 [weight=6];
   763 -- 797 [weight=6];
   763 -- 764 [weight=6];
   764 -- 797 [weight=6];
   764 -- 798 [weight=6];
   765 -- 798 [weight=6];
   765 -- 799 [weight=6];
   765 -- 766 [weight=6];
   766 -- 799 [weight=6];
   766 -- 800 [weight=6];
   767 -- 800 [weight=6];
   767 -- 801 [weight=6];
   767 -- 768 [weight=6];
   768 -- 801 [weight=6];
   768 -- 802 [weight=6];
   769 -- 803 [weight=6];
   769 -- 770 [weight=6];
   769 -- 802 [weight=6];
   770 -- 803 [weight=6];
   770 -- 804 [weight=6];
   779 -- 812 [weight=6];
   779 -- 813 [weight=6];
   779 -- 780 [weight=6];
   780 -- 814 [weight=6];
   780 -- 813 [weight=6];
   781 -- 814 [weight=6];
   781 -- 815 [weight=6];
   781 -- 782 [weight=6];
   782 -- 815 [weight=6];
   782 -- 816 [weight=6];
   783 -- 816 [weight=6];
   783 -- 817 [weight=6];
   783 -- 784 [weight=6];
   784 -- 817 [weight=6];
   784 -- 818 [weight=6];
   785 -- 818 [weight=6];
   785 -- 819 [weight=6];
   785 -- 786 [weight=6];
   786 -- 819 [weight=6];
   786 -- 820 [weight=6];
   796 -- 828 [weight=6];
   796 -- 829 [weight=6];
   796 -- 797 [weight=6];
   797 -- 798 [weight=6];
   798 -- 799 [weight=6];
   799 -- 800 [weight=6];
   800 -- 801 [weight=6];
   801 -- 802 [weight=6];
   802 -- 803 [weight=6];
   803 -- 804 [weight=6];
   804 -- 836 [weight=6];
   804 -- 837 [weight=6];
   812 -- 844 [weight=6];
   812 -- 845 [weight=6];
   812 -- 813 [weight=6];
   813 -- 814 [weight=6];
   814 -- 815 [weight=6];
   815 -- 816 [weight=6];
   816 -- 817 [weight=6];
   817 -- 818 [weight=6];
   818 -- 819 [weight=6];
   819 -- 820 [weight=6];
   820 -- 852 [weight=6];
   820 -- 853 [weight=6];
   828 -- 861 [weight=6];
   828 -- 862 [weight=6];
   828 -- 829 [weight=6];
   829 -- 862 [weight=6];
   829 -- 863 [weight=6];
   836 -- 869 [weight=6];
   836 -- 870 [weight=6];
   836 -- 837 [weight=6];
   837 -- 870 [weight=6];
   837 -- 871 [weight=6];
   844 -- 877 [weight=6];
   844 -- 878 [weight=6];
   844 -- 845 [weight=6];
   845 -- 878 [weight=6];
   845 -- 879 [weight=6];
   852 -- 885 [weight=6];
   852 -- 886 [weight=6];
   852 -- 853 [weight=6];
   853 -- 886 [weight=6];
   853 -- 887 [weight=6];
   861 -- 893 [weight=6];
   861 -- 894 [weight=6];
   861 -- 862 [weight=6];
   862 -- 863 [weight=6];
   863 -- 895 [weight=6];
   863 -- 896 [weight=6];
   869 -- 902 [weight=6];
   869 -- 870 [weight=6];
   869 -- 901 [weight=6];
   870 -- 871 [weight=6];
   871 -- 903 [weight=6];
   871 -- 904 [weight=6];
   877 -- 909 [weight=6];
   877 -- 910 [weight=6];
   877 -- 878 [weight=6];
   878 -- 879 [weight=6];
   879 -- 911 [weight=6];
   879 -- 912 [weight=6];
   885 -- 917 [weight=6];
   885 -- 918 [weight=6];
   885 -- 886 [weight=6];
   886 -- 887 [weight=6];
   887 -- 919 [weight=6];
   887 -- 920 [weight=6];
   893 -- 926 [weight=6];
   893 -- 927 [weight=6];
   893 -- 894 [weight=6];
   894 -- 927 [weight=6];
   894 -- 928 [weight=6];
   895 -- 928 [weight=6];
   895 -- 929 [weight=6];
   895 -- 896 [weight=6];
   896 -- 929 [weight=6];
   896 -- 930 [weight=6];
   901 -- 935 [weight=6];
   901 -- 902 [weight=6];
   901 -- 934 [weight=6];
   902 -- 935 [weight=6];
   902 -- 936 [weight=6];
   903 -- 936 [weight=6];
   903 -- 937 [weight=6];
   903 -- 904 [weight=6];
   904 -- 937 [weight=6];
   904 -- 938 [weight=6];
   909 -- 942 [weight=6];
   909 -- 943 [weight=6];
   909 -- 910 [weight=6];
   910 -- 943 [weight=6];
   910 -- 944 [weight=6];
   911 -- 944 [weight=6];
   911 -- 945 [weight=6];
   911 -- 912 [weight=6];
   912 -- 946 [weight=6];
   912 -- 945 [weight=6];
   917 -- 950 [weight=6];
   917 -- 951 [weight=6];
   917 -- 918 [weight=6];
   918 -- 951 [weight=6];
   918 -- 952 [weight=6];
   919 -- 952 [weight=6];
   919 -- 953 [weight=6];
   919 -- 920 [weight=6];
   920 -- 953 [weight=6];
   920 -- 954 [weight=6];
   926 -- 958 [weight=6];
   926 -- 959 [weight=6];
   926 -- 927 [weight=6];
   927 -- 928 [weight=6];
   928 -- 929 [weight=6];
   929 -- 930 [weight=6];
   930 -- 962 [weight=6];
   930 -- 963 [weight=6];
   934 -- 935 [weight=6];
   934 -- 966 [weight=6];
   934 -- 967 [weight=6];
   935 -- 936 [weight=6];
   936 -- 937 [weight=6];
   937 -- 938 [weight=6];
   938 -- 970 [weight=6];
   938 -- 971 [weight=6];
   942 -- 974 [weight=6];
   942 -- 975 [weight=6];
   942 -- 943 [weight=6];
   943 -- 944 [weight=6];
   944 -- 945 [weight=6];
   945 -- 946 [weight=6];
   946 -- 979 [weight=6];
   946 -- 978 [weight=6];
   950 -- 982 [weight=6];
   950 -- 983 [weight=6];
   950 -- 951 [weight=6];
   951 -- 952 [weight=6];
   952 -- 953 [weight=6];
   953 -- 954 [weight=6];
   954 -- 986 [weight=6];
   954 -- 987 [weight=6];
   958 -- 991 [weight=6];
   958 -- 992 [weight=6];
   958 -- 959 [weight=6];
   959 -- 992 [weight=6];
   959 -- 993 [weight=6];
   962 -- 995 [weight=6];
   962 -- 996 [weight=6];
   962 -- 963 [weight=6];
   963 -- 996 [weight=6];
   963 -- 997 [weight=6];
   966 -- 999 [weight=6];
   966 -- 1000 [weight=6];
   966 -- 967 [weight=6];
   967 -- 1001 [weight=6];
   967 -- 1000 [weight=6];
   970 -- 1003 [weight=6];
   970 -- 1004 [weight=6];
   970 -- 971 [weight=6];
   971 -- 1004 [weight=6];
   971 -- 1005 [weight=6];
   974 -- 1007 [weight=6];
   974 -- 1008 [weight=6];
   974 -- 975 [weight=6];
   975 -- 1008 [weight=6];
   975 -- 1009 [weight=6];
   978 -- 1012 [weight=6];
   978 -- 979 [weight=6];
   978 -- 1011 [weight=6];
   979 -- 1012 [weight=6];
   979 -- 1013 [weight=6];
   982 -- 1015 [weight=6];
   982 -- 1016 [weight=6];
   982 -- 983 [weight=6];
   983 -- 1016 [weight=6];
   983 -- 1017 [weight=6];
   986 -- 1019 [weight=6];
   986 -- 1020 [weight=6];
   986 -- 987 [weight=6];
   987 -- 1020 [weight=6];
   987 -- 1021 [weight=6];
   991 -- 1023 [weight=6];
   991 -- 1024 [weight=6];
   991 -- 992 [weight=6];
   992 -- 993 [weight=6];
   993 -- 1025 [weight=6];
   993 -- 1026 [weight=6];
   995 -- 1027 [weight=6];
   995 -- 1028 [weight=6];
   995 -- 996 [weight=6];
   996 -- 997 [weight=6];
   997 -- 1029 [weight=6];
   997 -- 1030 [weight=6];
   999 -- 1031 [weight=6];
   999 -- 1032 [weight=6];
   999 -- 1000 [weight=6];
   1000 -- 1001 [weight=6];
   1001 -- 1034 [weight=6];
   1001 -- 1033 [weight=6];
   1003 -- 1035 [weight=6];
   1003 -- 1036 [weight=6];
   1003 -- 1004 [weight=6];
   1004 -- 1005 [weight=6];
   1005 -- 1037 [weight=6];
   1005 -- 1038 [weight=6];
   1007 -- 1039 [weight=6];
   1007 -- 1040 [weight=6];
   1007 -- 1008 [weight=6];
   1008 -- 1009 [weight=6];
   1009 -- 1041 [weight=6];
   1009 -- 1042 [weight=6];
   1011 -- 1012 [weight=6];
   1011 -- 1043 [weight=6];
   1011 -- 1044 [weight=6];
   1012 -- 1013 [weight=6];
   1013 -- 1045 [weight=6];
   1013 -- 1046 [weight=6];
   1015 -- 1047 [weight=6];
   1015 -- 1048 [weight=6];
   1015 -- 1016 [weight=6];
   1016 -- 1017 [weight=6];
   1017 -- 1049 [weight=6];
   1017 -- 1050 [weight=6];
   1019 -- 1051 [weight=6];
   1019 -- 1052 [weight=6];
   1019 -- 1020 [weight=6];
   1020 -- 1021 [weight=6];
   1021 -- 1053 [weight=6];
   1021 -- 1054 [weight=6];
   1023 -- 1056 [weight=6];
   1023 -- 1057 [weight=6];
   1023 -- 1024 [weight=6];
   1024 -- 1057 [weight=6];
   1024 -- 1058 [weight=6];
   1025 -- 1058 [weight=6];
   1025 -- 1059 [weight=6];
   1025 -- 1026 [weight=6];
   1026 -- 1059 [weight=6];
   1026 -- 1060 [weight=6];
   1027 -- 1060 [weight=6];
   1027 -- 1061 [weight=6];
   1027 -- 1028 [weight=6];
   1028 -- 1061 [weight=6];
   1028 -- 1062 [weight=6];
   1029 -- 1062 [weight=6];
   1029 -- 1063 [weight=6];
   1029 -- 1030 [weight=6];
   1030 -- 1063 [weight=6];
   1030 -- 1064 [weight=6];
   1031 -- 1064 [weight=6];
   1031 -- 1065 [weight=6];
   1031 -- 1032 [weight=6];
   1032 -- 1065 [weight=6];
   1032 -- 1066 [weight=6];
   1033 -- 1067 [weight=6];
   1033 -- 1034 [weight=6];
   1033 -- 1066 [weight=6];
   1034 -- 1067 [weight=6];
   1034 -- 1068 [weight=6];
   1035 -- 1068 [weight=6];
   1035 -- 1069 [weight=6];
   1035 -- 1036 [weight=6];
   1036 -- 1069 [weight=6];
   1036 -- 1070 [weight=6];
   1037 -- 1070 [weight=6];
   1037 -- 1071 [weight=6];
   1037 -- 1038 [weight=6];
   1038 -- 1071 [weight=6];
   1038 -- 1072 [weight=6];
   1039 -- 1072 [weight=6];
   1039 -- 1073 [weight=6];
   1039 -- 1040 [weight=6];
   1040 -- 1073 [weight=6];
   1040 -- 1074 [weight=6];
   1041 -- 1074 [weight=6];
   1041 -- 1075 [weight=6];
   1041 -- 1042 [weight=6];
   1042 -- 1075 [weight=6];
   1042 -- 1076 [weight=6];
   1043 -- 1076 [weight=6];
   1043 -- 1077 [weight=6];
   1043 -- 1044 [weight=6];
   1044 -- 1078 [weight=6];
   1044 -- 1077 [weight=6];
   1045 -- 1078 [weight=6];
   1045 -- 1079 [weight=6];
   1045 -- 1046 [weight=6];
   1046 -- 1079 [weight=6];
   1046 -- 1080 [weight=6];
   1047 -- 1080 [weight=6];
   1047 -- 1081 [weight=6];
   1047 -- 1048 [weight=6];
   1048 -- 1081 [weight=6];
   1048 -- 1082 [weight=6];
   1049 -- 1082 [weight=6];
   1049 -- 1083 [weight=6];
   1049 -- 1050 [weight=6];
   1050 -- 1083 [weight=6];
   1050 -- 1084 [weight=6];
   1051 -- 1084 [weight=6];
   1051 -- 1085 [weight=6];
   1051 -- 1052 [weight=6];
   1052 -- 1085 [weight=6];
   1052 -- 1086 [weight=6];
   1053 -- 1086 [weight=6];
   1053 -- 1087 [weight=6];
   1053 -- 1054 [weight=6];
   1054 -- 1087 [weight=6];
   1054 -- 1088 [weight=6];
   1056 -- 1057 [weight=6];
   1057 -- 1058 [weight=6];
   1058 -- 1059 [weight=6];
   1059 -- 1060 [weight=6];
   1060 -- 1061 [weight=6];
   1061 -- 1062 [weight=6];
   1062 -- 1063 [weight=6];
   1063 -- 1064 [weight=6];
   1064 -- 1065 [weight=6];
   1065 -- 1066 [weight=6];
   1066 -- 1067 [weight=6];
   1067 -- 1068 [weight=6];
   1068 -- 1069 [weight=6];
   1069 -- 1070 [weight=6];
   1070 -- 1071 [weight=6];
   1071 -- 1072 [weight=6];
   1072 -- 1073 [weight=6];
   1073 -- 1074 [weight=6];
   1074 -- 1075 [weight=6];
   1075 -- 1076 [weight=6];
   1076 -- 1077 [weight=6];
   1077 -- 1078 [weight=6];
   1078 -- 1079 [weight=6];
   1079 -- 1080 [weight=6];
   1080 -- 1081 [weight=6];
   1081 -- 1082 [weight=6];
   1082 -- 1083 [weight=6];
   1083 -- 1084 [weight=6];
   1084 -- 1085 [weight=6];
   1085 -- 1086 [weight=6];
   1086 -- 1087 [weight=6];
   1087 -- 1088 [weight=6];
}
number of colors = 8
